<?xml version="1.0" encoding="UTF-8"?>
<coverage generated="1739101835288" clover="3.2.0">
  <project timestamp="1739101835288" name="All files">
    <metrics statements="42" coveredstatements="42" conditionals="12" coveredconditionals="12" methods="14" coveredmethods="13" elements="68" coveredelements="67" complexity="0" loc="42" ncloc="42" packages="3" files="3" classes="3"/>
    <package name="src">
      <metrics statements="1" coveredstatements="1" conditionals="0" coveredconditionals="0" methods="1" coveredmethods="1"/>
      <file name="App.jsx" path="/Users/akshat/Desktop/page-search/src/App.jsx">
        <metrics statements="1" coveredstatements="1" conditionals="0" coveredconditionals="0" methods="1" coveredmethods="1"/>
        <line num="7" count="1" type="stmt"/>
      </file>
    </package>
    <package name="src.components">
      <metrics statements="37" coveredstatements="37" conditionals="12" coveredconditionals="12" methods="10" coveredmethods="9"/>
      <file name="SearchPage.jsx" path="/Users/akshat/Desktop/page-search/src/components/SearchPage.jsx">
        <metrics statements="37" coveredstatements="37" conditionals="12" coveredconditionals="12" methods="10" coveredmethods="9"/>
        <line num="6" count="1" type="stmt"/>
        <line num="7" count="50" type="stmt"/>
        <line num="8" count="50" type="stmt"/>
        <line num="9" count="50" type="stmt"/>
        <line num="11" count="50" type="stmt"/>
        <line num="13" count="50" type="stmt"/>
        <line num="15" count="10" type="cond" truecount="2" falsecount="0"/>
        <line num="16" count="1" type="stmt"/>
        <line num="17" count="1" type="stmt"/>
        <line num="20" count="10" type="stmt"/>
        <line num="21" count="10" type="stmt"/>
        <line num="24" count="10" type="stmt"/>
        <line num="25" count="10" type="stmt"/>
        <line num="26" count="10" type="stmt"/>
        <line num="27" count="7" type="cond" truecount="2" falsecount="0"/>
        <line num="29" count="6" type="stmt"/>
        <line num="30" count="6" type="stmt"/>
        <line num="32" count="3" type="cond" truecount="2" falsecount="0"/>
        <line num="33" count="1" type="stmt"/>
        <line num="36" count="2" type="stmt"/>
        <line num="37" count="2" type="stmt"/>
        <line num="40" count="9" type="stmt"/>
        <line num="43" count="9" type="stmt"/>
        <line num="46" count="50" type="stmt"/>
        <line num="48" count="50" type="stmt"/>
        <line num="49" count="24" type="cond" truecount="2" falsecount="0"/>
        <line num="50" count="11" type="stmt"/>
        <line num="53" count="13" type="stmt"/>
        <line num="57" count="50" type="stmt"/>
        <line num="58" count="9" type="cond" truecount="2" falsecount="0"/>
        <line num="59" count="8" type="stmt"/>
        <line num="63" count="50" type="stmt"/>
        <line num="64" count="29" type="stmt"/>
        <line num="65" count="4" type="stmt"/>
        <line num="73" count="50" type="stmt"/>
        <line num="79" count="12" type="stmt"/>
        <line num="82" count="9" type="stmt"/>
      </file>
    </package>
    <package name="src.utils">
      <metrics statements="4" coveredstatements="4" conditionals="0" coveredconditionals="0" methods="3" coveredmethods="3"/>
      <file name="utils.js" path="/Users/akshat/Desktop/page-search/src/utils/utils.js">
        <metrics statements="4" coveredstatements="4" conditionals="0" coveredconditionals="0" methods="3" coveredmethods="3"/>
        <line num="2" count="1" type="stmt"/>
        <line num="4" count="12" type="stmt"/>
        <line num="5" count="11" type="stmt"/>
        <line num="6" count="11" type="stmt"/>
      </file>
    </package>
  </project>
</coverage>
