{"/Users/akshat/Desktop/page-search/src/App.jsx": {"path":"/Users/akshat/Desktop/page-search/src/App.jsx","statementMap":{"0":{"start":{"line":7,"column":2},"end":{"line":12,"column":3}}},"fnMap":{"0":{"name":"App","decl":{"start":{"line":5,"column":9},"end":{"line":5,"column":12}},"loc":{"start":{"line":5,"column":15},"end":{"line":13,"column":1}},"line":5}},"branchMap":{},"s":{"0":1},"f":{"0":1},"b":{},"_coverageSchema":"1a1c01bbd47fc00a2c39e90264f33305004495a9","hash":"c16a15ee718ce35edefa0c73dd6f0ec7788b65ed"}
,"/Users/akshat/Desktop/page-search/src/components/SearchPage.jsx": {"path":"/Users/akshat/Desktop/page-search/src/components/SearchPage.jsx","statementMap":{"0":{"start":{"line":6,"column":19},"end":{"line":114,"column":1}},"1":{"start":{"line":7,"column":30},"end":{"line":7,"column":42}},"2":{"start":{"line":8,"column":46},"end":{"line":8,"column":58}},"3":{"start":{"line":9,"column":34},"end":{"line":9,"column":46}},"4":{"start":{"line":10,"column":42},"end":{"line":10,"column":54}},"5":{"start":{"line":12,"column":31},"end":{"line":12,"column":43}},"6":{"start":{"line":14,"column":29},"end":{"line":32,"column":23}},"7":{"start":{"line":15,"column":8},"end":{"line":17,"column":9}},"8":{"start":{"line":16,"column":12},"end":{"line":16,"column":47}},"9":{"start":{"line":18,"column":8},"end":{"line":18,"column":59}},"10":{"start":{"line":19,"column":23},"end":{"line":19,"column":56}},"11":{"start":{"line":21,"column":8},"end":{"line":31,"column":9}},"12":{"start":{"line":22,"column":29},"end":{"line":22,"column":117}},"13":{"start":{"line":23,"column":12},"end":{"line":23,"column":77}},"14":{"start":{"line":23,"column":30},"end":{"line":23,"column":77}},"15":{"start":{"line":25,"column":25},"end":{"line":25,"column":46}},"16":{"start":{"line":26,"column":12},"end":{"line":26,"column":90}},"17":{"start":{"line":26,"column":60},"end":{"line":26,"column":87}},"18":{"start":{"line":28,"column":12},"end":{"line":30,"column":13}},"19":{"start":{"line":29,"column":16},"end":{"line":29,"column":67}},"20":{"start":{"line":34,"column":25},"end":{"line":48,"column":36}},"21":{"start":{"line":35,"column":8},"end":{"line":35,"column":35}},"22":{"start":{"line":35,"column":28},"end":{"line":35,"column":35}},"23":{"start":{"line":37,"column":8},"end":{"line":47,"column":9}},"24":{"start":{"line":38,"column":29},"end":{"line":38,"column":108}},"25":{"start":{"line":39,"column":12},"end":{"line":39,"column":77}},"26":{"start":{"line":39,"column":30},"end":{"line":39,"column":77}},"27":{"start":{"line":41,"column":25},"end":{"line":41,"column":46}},"28":{"start":{"line":42,"column":12},"end":{"line":42,"column":42}},"29":{"start":{"line":43,"column":12},"end":{"line":43,"column":31}},"30":{"start":{"line":45,"column":12},"end":{"line":45,"column":59}},"31":{"start":{"line":46,"column":12},"end":{"line":46,"column":27}},"32":{"start":{"line":50,"column":37},"end":{"line":50,"column":118}},"33":{"start":{"line":50,"column":51},"end":{"line":50,"column":82}},"34":{"start":{"line":53,"column":4},"end":{"line":62,"column":57}},"35":{"start":{"line":54,"column":8},"end":{"line":60,"column":9}},"36":{"start":{"line":55,"column":12},"end":{"line":55,"column":44}},"37":{"start":{"line":56,"column":12},"end":{"line":56,"column":27}},"38":{"start":{"line":58,"column":12},"end":{"line":58,"column":46}},"39":{"start":{"line":59,"column":12},"end":{"line":59,"column":31}},"40":{"start":{"line":61,"column":8},"end":{"line":61,"column":55}},"41":{"start":{"line":61,"column":21},"end":{"line":61,"column":54}},"42":{"start":{"line":65,"column":4},"end":{"line":72,"column":11}},"43":{"start":{"line":66,"column":8},"end":{"line":71,"column":10}},"44":{"start":{"line":67,"column":12},"end":{"line":69,"column":13}},"45":{"start":{"line":68,"column":16},"end":{"line":68,"column":51}},"46":{"start":{"line":70,"column":12},"end":{"line":70,"column":46}},"47":{"start":{"line":74,"column":34},"end":{"line":79,"column":5}},"48":{"start":{"line":75,"column":8},"end":{"line":75,"column":34}},"49":{"start":{"line":76,"column":8},"end":{"line":76,"column":42}},"50":{"start":{"line":78,"column":8},"end":{"line":78,"column":27}},"51":{"start":{"line":81,"column":4},"end":{"line":112,"column":5}},"52":{"start":{"line":87,"column":33},"end":{"line":87,"column":57}},"53":{"start":{"line":93,"column":24},"end":{"line":95,"column":29}},"54":{"start":{"line":93,"column":57},"end":{"line":93,"column":84}},"55":{"start":{"line":104,"column":20},"end":{"line":108,"column":25}}},"fnMap":{"0":{"name":"(anonymous_0)","decl":{"start":{"line":6,"column":19},"end":{"line":6,"column":20}},"loc":{"start":{"line":6,"column":25},"end":{"line":114,"column":1}},"line":6},"1":{"name":"(anonymous_1)","decl":{"start":{"line":14,"column":41},"end":{"line":14,"column":42}},"loc":{"start":{"line":14,"column":63},"end":{"line":32,"column":5}},"line":14},"2":{"name":"(anonymous_2)","decl":{"start":{"line":26,"column":52},"end":{"line":26,"column":53}},"loc":{"start":{"line":26,"column":60},"end":{"line":26,"column":87}},"line":26},"3":{"name":"(anonymous_3)","decl":{"start":{"line":34,"column":37},"end":{"line":34,"column":38}},"loc":{"start":{"line":34,"column":49},"end":{"line":48,"column":5}},"line":34},"4":{"name":"(anonymous_4)","decl":{"start":{"line":50,"column":45},"end":{"line":50,"column":46}},"loc":{"start":{"line":50,"column":51},"end":{"line":50,"column":82}},"line":50},"5":{"name":"(anonymous_5)","decl":{"start":{"line":53,"column":14},"end":{"line":53,"column":15}},"loc":{"start":{"line":53,"column":20},"end":{"line":62,"column":5}},"line":53},"6":{"name":"(anonymous_6)","decl":{"start":{"line":61,"column":15},"end":{"line":61,"column":16}},"loc":{"start":{"line":61,"column":21},"end":{"line":61,"column":54}},"line":61},"7":{"name":"(anonymous_7)","decl":{"start":{"line":65,"column":14},"end":{"line":65,"column":15}},"loc":{"start":{"line":65,"column":20},"end":{"line":72,"column":5}},"line":65},"8":{"name":"(anonymous_8)","decl":{"start":{"line":66,"column":15},"end":{"line":66,"column":16}},"loc":{"start":{"line":66,"column":21},"end":{"line":71,"column":9}},"line":66},"9":{"name":"(anonymous_9)","decl":{"start":{"line":74,"column":34},"end":{"line":74,"column":35}},"loc":{"start":{"line":74,"column":50},"end":{"line":79,"column":5}},"line":74},"10":{"name":"(anonymous_10)","decl":{"start":{"line":87,"column":26},"end":{"line":87,"column":27}},"loc":{"start":{"line":87,"column":33},"end":{"line":87,"column":57}},"line":87},"11":{"name":"(anonymous_11)","decl":{"start":{"line":92,"column":37},"end":{"line":92,"column":38}},"loc":{"start":{"line":93,"column":24},"end":{"line":95,"column":29}},"line":93},"12":{"name":"(anonymous_12)","decl":{"start":{"line":93,"column":51},"end":{"line":93,"column":52}},"loc":{"start":{"line":93,"column":57},"end":{"line":93,"column":84}},"line":93},"13":{"name":"(anonymous_13)","decl":{"start":{"line":103,"column":29},"end":{"line":103,"column":30}},"loc":{"start":{"line":104,"column":20},"end":{"line":108,"column":25}},"line":104}},"branchMap":{"0":{"loc":{"start":{"line":15,"column":8},"end":{"line":17,"column":9}},"type":"if","locations":[{"start":{"line":15,"column":8},"end":{"line":17,"column":9}},{"start":{},"end":{}}],"line":15},"1":{"loc":{"start":{"line":23,"column":12},"end":{"line":23,"column":77}},"type":"if","locations":[{"start":{"line":23,"column":12},"end":{"line":23,"column":77}},{"start":{},"end":{}}],"line":23},"2":{"loc":{"start":{"line":28,"column":12},"end":{"line":30,"column":13}},"type":"if","locations":[{"start":{"line":28,"column":12},"end":{"line":30,"column":13}},{"start":{},"end":{}}],"line":28},"3":{"loc":{"start":{"line":35,"column":8},"end":{"line":35,"column":35}},"type":"if","locations":[{"start":{"line":35,"column":8},"end":{"line":35,"column":35}},{"start":{},"end":{}}],"line":35},"4":{"loc":{"start":{"line":39,"column":12},"end":{"line":39,"column":77}},"type":"if","locations":[{"start":{"line":39,"column":12},"end":{"line":39,"column":77}},{"start":{},"end":{}}],"line":39},"5":{"loc":{"start":{"line":54,"column":8},"end":{"line":60,"column":9}},"type":"if","locations":[{"start":{"line":54,"column":8},"end":{"line":60,"column":9}},{"start":{"line":57,"column":15},"end":{"line":60,"column":9}}],"line":54},"6":{"loc":{"start":{"line":54,"column":12},"end":{"line":54,"column":56}},"type":"binary-expr","locations":[{"start":{"line":54,"column":12},"end":{"line":54,"column":29}},{"start":{"line":54,"column":33},"end":{"line":54,"column":56}}],"line":54},"7":{"loc":{"start":{"line":67,"column":12},"end":{"line":69,"column":13}},"type":"if","locations":[{"start":{"line":67,"column":12},"end":{"line":69,"column":13}},{"start":{},"end":{}}],"line":67},"8":{"loc":{"start":{"line":67,"column":16},"end":{"line":67,"column":88}},"type":"binary-expr","locations":[{"start":{"line":67,"column":16},"end":{"line":67,"column":42}},{"start":{"line":67,"column":46},"end":{"line":67,"column":88}}],"line":67},"9":{"loc":{"start":{"line":90,"column":13},"end":{"line":98,"column":13}},"type":"binary-expr","locations":[{"start":{"line":90,"column":13},"end":{"line":90,"column":35}},{"start":{"line":91,"column":16},"end":{"line":97,"column":21}}],"line":90},"10":{"loc":{"start":{"line":107,"column":54},"end":{"line":107,"column":113}},"type":"cond-expr","locations":[{"start":{"line":107,"column":66},"end":{"line":107,"column":88}},{"start":{"line":107,"column":91},"end":{"line":107,"column":113}}],"line":107}},"s":{"0":1,"1":58,"2":58,"3":58,"4":58,"5":58,"6":58,"7":8,"8":1,"9":8,"10":8,"11":8,"12":8,"13":7,"14":0,"15":7,"16":7,"17":10,"18":1,"19":1,"20":58,"21":4,"22":0,"23":4,"24":4,"25":4,"26":0,"27":3,"28":3,"29":3,"30":1,"31":1,"32":58,"33":17,"34":58,"35":25,"36":8,"37":8,"38":17,"39":17,"40":25,"41":25,"42":58,"43":13,"44":13,"45":7,"46":13,"47":58,"48":4,"49":4,"50":4,"51":58,"52":8,"53":12,"54":4,"55":2},"f":{"0":58,"1":8,"2":10,"3":4,"4":17,"5":25,"6":25,"7":13,"8":13,"9":4,"10":8,"11":12,"12":4,"13":2},"b":{"0":[1,7],"1":[0,7],"2":[1,0],"3":[0,4],"4":[0,3],"5":[8,17],"6":[25,12],"7":[7,6],"8":[13,7],"9":[58,9],"10":[2,0]},"_coverageSchema":"1a1c01bbd47fc00a2c39e90264f33305004495a9","hash":"64cf9d6297ce46f5a11c89734e747237407ac4a5"}
,"/Users/akshat/Desktop/page-search/src/utils/utils.js": {"path":"/Users/akshat/Desktop/page-search/src/utils/utils.js","statementMap":{"0":{"start":{"line":5,"column":8},"end":{"line":5,"column":38}},"1":{"start":{"line":5,"column":18},"end":{"line":5,"column":38}},"2":{"start":{"line":6,"column":24},"end":{"line":6,"column":28}},"3":{"start":{"line":7,"column":8},"end":{"line":7,"column":67}},"4":{"start":{"line":7,"column":33},"end":{"line":7,"column":58}},"5":{"start":{"line":9,"column":4},"end":{"line":9,"column":49}},"6":{"start":{"line":9,"column":29},"end":{"line":9,"column":48}},"7":{"start":{"line":10,"column":4},"end":{"line":10,"column":21}}},"fnMap":{"0":{"name":"debounce","decl":{"start":{"line":2,"column":16},"end":{"line":2,"column":24}},"loc":{"start":{"line":2,"column":38},"end":{"line":11,"column":1}},"line":2},"1":{"name":"debounced","decl":{"start":{"line":4,"column":13},"end":{"line":4,"column":22}},"loc":{"start":{"line":4,"column":32},"end":{"line":8,"column":5}},"line":4},"2":{"name":"(anonymous_2)","decl":{"start":{"line":7,"column":27},"end":{"line":7,"column":28}},"loc":{"start":{"line":7,"column":33},"end":{"line":7,"column":58}},"line":7},"3":{"name":"(anonymous_3)","decl":{"start":{"line":9,"column":23},"end":{"line":9,"column":24}},"loc":{"start":{"line":9,"column":29},"end":{"line":9,"column":48}},"line":9}},"branchMap":{"0":{"loc":{"start":{"line":5,"column":8},"end":{"line":5,"column":38}},"type":"if","locations":[{"start":{"line":5,"column":8},"end":{"line":5,"column":38}},{"start":{},"end":{}}],"line":5}},"s":{"0":8,"1":1,"2":8,"3":8,"4":8,"5":17,"6":55,"7":17},"f":{"0":17,"1":8,"2":8,"3":55},"b":{"0":[1,7]},"_coverageSchema":"1a1c01bbd47fc00a2c39e90264f33305004495a9","hash":"a4d7bba0853bd4c391ac6eba594a0cdc8c98c8a0"}
}
