{"/Users/akshat/Desktop/page-search/src/App.jsx": {"path":"/Users/akshat/Desktop/page-search/src/App.jsx","statementMap":{"0":{"start":{"line":7,"column":2},"end":{"line":12,"column":3}}},"fnMap":{"0":{"name":"App","decl":{"start":{"line":5,"column":9},"end":{"line":5,"column":12}},"loc":{"start":{"line":5,"column":15},"end":{"line":13,"column":1}},"line":5}},"branchMap":{},"s":{"0":1},"f":{"0":1},"b":{},"_coverageSchema":"1a1c01bbd47fc00a2c39e90264f33305004495a9","hash":"c16a15ee718ce35edefa0c73dd6f0ec7788b65ed"}
,"/Users/akshat/Desktop/page-search/src/components/SearchPage.jsx": {"path":"/Users/akshat/Desktop/page-search/src/components/SearchPage.jsx","statementMap":{"0":{"start":{"line":6,"column":19},"end":{"line":101,"column":1}},"1":{"start":{"line":7,"column":30},"end":{"line":7,"column":42}},"2":{"start":{"line":8,"column":34},"end":{"line":8,"column":46}},"3":{"start":{"line":9,"column":34},"end":{"line":9,"column":49}},"4":{"start":{"line":11,"column":31},"end":{"line":11,"column":43}},"5":{"start":{"line":13,"column":25},"end":{"line":42,"column":32}},"6":{"start":{"line":15,"column":8},"end":{"line":18,"column":9}},"7":{"start":{"line":16,"column":12},"end":{"line":16,"column":53}},"8":{"start":{"line":17,"column":12},"end":{"line":17,"column":47}},"9":{"start":{"line":20,"column":8},"end":{"line":20,"column":59}},"10":{"start":{"line":21,"column":23},"end":{"line":21,"column":56}},"11":{"start":{"line":24,"column":8},"end":{"line":24,"column":25}},"12":{"start":{"line":25,"column":8},"end":{"line":41,"column":9}},"13":{"start":{"line":26,"column":29},"end":{"line":26,"column":115}},"14":{"start":{"line":27,"column":12},"end":{"line":27,"column":77}},"15":{"start":{"line":27,"column":30},"end":{"line":27,"column":77}},"16":{"start":{"line":29,"column":25},"end":{"line":29,"column":46}},"17":{"start":{"line":30,"column":12},"end":{"line":30,"column":42}},"18":{"start":{"line":32,"column":12},"end":{"line":38,"column":13}},"19":{"start":{"line":33,"column":16},"end":{"line":33,"column":57}},"20":{"start":{"line":36,"column":16},"end":{"line":36,"column":60}},"21":{"start":{"line":37,"column":16},"end":{"line":37,"column":31}},"22":{"start":{"line":40,"column":12},"end":{"line":40,"column":30}},"23":{"start":{"line":44,"column":27},"end":{"line":44,"column":85}},"24":{"start":{"line":44,"column":41},"end":{"line":44,"column":68}},"25":{"start":{"line":46,"column":4},"end":{"line":58,"column":32}},"26":{"start":{"line":47,"column":8},"end":{"line":53,"column":9}},"27":{"start":{"line":48,"column":12},"end":{"line":48,"column":34}},"28":{"start":{"line":51,"column":12},"end":{"line":51,"column":36}},"29":{"start":{"line":52,"column":12},"end":{"line":52,"column":27}},"30":{"start":{"line":55,"column":8},"end":{"line":57,"column":10}},"31":{"start":{"line":56,"column":12},"end":{"line":56,"column":36}},"32":{"start":{"line":61,"column":4},"end":{"line":65,"column":11}},"33":{"start":{"line":62,"column":8},"end":{"line":64,"column":10}},"34":{"start":{"line":63,"column":12},"end":{"line":63,"column":48}},"35":{"start":{"line":68,"column":30},"end":{"line":72,"column":5}},"36":{"start":{"line":69,"column":8},"end":{"line":71,"column":9}},"37":{"start":{"line":70,"column":12},"end":{"line":70,"column":32}},"38":{"start":{"line":74,"column":24},"end":{"line":82,"column":14}},"39":{"start":{"line":75,"column":8},"end":{"line":81,"column":10}},"40":{"start":{"line":76,"column":12},"end":{"line":80,"column":17}},"41":{"start":{"line":84,"column":4},"end":{"line":99,"column":5}},"42":{"start":{"line":90,"column":29},"end":{"line":90,"column":53}},"43":{"start":{"line":93,"column":57},"end":{"line":93,"column":76}}},"fnMap":{"0":{"name":"(anonymous_0)","decl":{"start":{"line":6,"column":19},"end":{"line":6,"column":20}},"loc":{"start":{"line":6,"column":25},"end":{"line":101,"column":1}},"line":6},"1":{"name":"(anonymous_1)","decl":{"start":{"line":13,"column":37},"end":{"line":13,"column":38}},"loc":{"start":{"line":13,"column":59},"end":{"line":42,"column":5}},"line":13},"2":{"name":"(anonymous_2)","decl":{"start":{"line":44,"column":35},"end":{"line":44,"column":36}},"loc":{"start":{"line":44,"column":41},"end":{"line":44,"column":68}},"line":44},"3":{"name":"(anonymous_3)","decl":{"start":{"line":46,"column":14},"end":{"line":46,"column":15}},"loc":{"start":{"line":46,"column":20},"end":{"line":58,"column":5}},"line":46},"4":{"name":"(anonymous_4)","decl":{"start":{"line":55,"column":15},"end":{"line":55,"column":16}},"loc":{"start":{"line":55,"column":21},"end":{"line":57,"column":9}},"line":55},"5":{"name":"(anonymous_5)","decl":{"start":{"line":61,"column":14},"end":{"line":61,"column":15}},"loc":{"start":{"line":61,"column":20},"end":{"line":65,"column":5}},"line":61},"6":{"name":"(anonymous_6)","decl":{"start":{"line":62,"column":15},"end":{"line":62,"column":16}},"loc":{"start":{"line":62,"column":21},"end":{"line":64,"column":9}},"line":62},"7":{"name":"(anonymous_7)","decl":{"start":{"line":68,"column":30},"end":{"line":68,"column":31}},"loc":{"start":{"line":68,"column":36},"end":{"line":72,"column":5}},"line":68},"8":{"name":"(anonymous_8)","decl":{"start":{"line":74,"column":32},"end":{"line":74,"column":33}},"loc":{"start":{"line":75,"column":8},"end":{"line":81,"column":10}},"line":75},"9":{"name":"(anonymous_9)","decl":{"start":{"line":75,"column":20},"end":{"line":75,"column":21}},"loc":{"start":{"line":76,"column":12},"end":{"line":80,"column":17}},"line":76},"10":{"name":"(anonymous_10)","decl":{"start":{"line":90,"column":22},"end":{"line":90,"column":23}},"loc":{"start":{"line":90,"column":29},"end":{"line":90,"column":53}},"line":90},"11":{"name":"(anonymous_11)","decl":{"start":{"line":93,"column":51},"end":{"line":93,"column":52}},"loc":{"start":{"line":93,"column":57},"end":{"line":93,"column":76}},"line":93}},"branchMap":{"0":{"loc":{"start":{"line":15,"column":8},"end":{"line":18,"column":9}},"type":"if","locations":[{"start":{"line":15,"column":8},"end":{"line":18,"column":9}},{"start":{},"end":{}}],"line":15},"1":{"loc":{"start":{"line":27,"column":12},"end":{"line":27,"column":77}},"type":"if","locations":[{"start":{"line":27,"column":12},"end":{"line":27,"column":77}},{"start":{},"end":{}}],"line":27},"2":{"loc":{"start":{"line":32,"column":12},"end":{"line":38,"column":13}},"type":"if","locations":[{"start":{"line":32,"column":12},"end":{"line":38,"column":13}},{"start":{"line":35,"column":16},"end":{"line":38,"column":13}}],"line":32},"3":{"loc":{"start":{"line":47,"column":8},"end":{"line":53,"column":9}},"type":"if","locations":[{"start":{"line":47,"column":8},"end":{"line":53,"column":9}},{"start":{"line":50,"column":12},"end":{"line":53,"column":9}}],"line":47},"4":{"loc":{"start":{"line":69,"column":8},"end":{"line":71,"column":9}},"type":"if","locations":[{"start":{"line":69,"column":8},"end":{"line":71,"column":9}},{"start":{},"end":{}}],"line":69},"5":{"loc":{"start":{"line":96,"column":9},"end":{"line":96,"column":62}},"type":"binary-expr","locations":[{"start":{"line":96,"column":9},"end":{"line":96,"column":16}},{"start":{"line":96,"column":20},"end":{"line":96,"column":62}}],"line":96}},"s":{"0":1,"1":50,"2":50,"3":50,"4":50,"5":50,"6":10,"7":1,"8":1,"9":10,"10":10,"11":10,"12":10,"13":10,"14":7,"15":1,"16":6,"17":6,"18":3,"19":1,"20":2,"21":2,"22":9,"23":50,"24":12,"25":50,"26":24,"27":11,"28":13,"29":13,"30":24,"31":24,"32":50,"33":12,"34":12,"35":50,"36":9,"37":8,"38":50,"39":29,"40":4,"41":50,"42":12,"43":9},"f":{"0":50,"1":10,"2":12,"3":24,"4":24,"5":12,"6":12,"7":9,"8":29,"9":4,"10":12,"11":9},"b":{"0":[1,9],"1":[1,6],"2":[1,2],"3":[11,13],"4":[8,1],"5":[50,9]},"_coverageSchema":"1a1c01bbd47fc00a2c39e90264f33305004495a9","hash":"506f735fa4b3b43e0503214cd3e784c718cbb2b2"}
,"/Users/akshat/Desktop/page-search/src/utils/utils.js": {"path":"/Users/akshat/Desktop/page-search/src/utils/utils.js","statementMap":{"0":{"start":{"line":5,"column":8},"end":{"line":5,"column":38}},"1":{"start":{"line":5,"column":18},"end":{"line":5,"column":38}},"2":{"start":{"line":6,"column":24},"end":{"line":6,"column":28}},"3":{"start":{"line":7,"column":8},"end":{"line":7,"column":67}},"4":{"start":{"line":7,"column":33},"end":{"line":7,"column":58}},"5":{"start":{"line":9,"column":4},"end":{"line":9,"column":49}},"6":{"start":{"line":9,"column":29},"end":{"line":9,"column":48}},"7":{"start":{"line":10,"column":4},"end":{"line":10,"column":21}}},"fnMap":{"0":{"name":"debounce","decl":{"start":{"line":2,"column":16},"end":{"line":2,"column":24}},"loc":{"start":{"line":2,"column":38},"end":{"line":11,"column":1}},"line":2},"1":{"name":"debounced","decl":{"start":{"line":4,"column":13},"end":{"line":4,"column":22}},"loc":{"start":{"line":4,"column":32},"end":{"line":8,"column":5}},"line":4},"2":{"name":"(anonymous_2)","decl":{"start":{"line":7,"column":27},"end":{"line":7,"column":28}},"loc":{"start":{"line":7,"column":33},"end":{"line":7,"column":58}},"line":7},"3":{"name":"(anonymous_3)","decl":{"start":{"line":9,"column":23},"end":{"line":9,"column":24}},"loc":{"start":{"line":9,"column":29},"end":{"line":9,"column":48}},"line":9}},"branchMap":{"0":{"loc":{"start":{"line":5,"column":8},"end":{"line":5,"column":38}},"type":"if","locations":[{"start":{"line":5,"column":8},"end":{"line":5,"column":38}},{"start":{},"end":{}}],"line":5}},"s":{"0":11,"1":1,"2":11,"3":11,"4":2,"5":12,"6":37,"7":12},"f":{"0":12,"1":11,"2":2,"3":37},"b":{"0":[1,10]},"_coverageSchema":"1a1c01bbd47fc00a2c39e90264f33305004495a9","hash":"a4d7bba0853bd4c391ac6eba594a0cdc8c98c8a0"}
}
