TN:
SF:src/App.jsx
FN:5,App
FNF:1
FNH:1
FNDA:1,App
DA:7,1
LF:1
LH:1
BRF:0
BRH:0
end_of_record
TN:
SF:src/components/SearchPage.jsx
FN:6,(anonymous_0)
FN:13,(anonymous_1)
FN:43,(anonymous_2)
FN:46,(anonymous_3)
FN:48,(anonymous_4)
FN:57,(anonymous_5)
FN:63,(anonymous_6)
FN:64,(anonymous_7)
FN:79,(anonymous_8)
FN:82,(anonymous_9)
FNF:10
FNH:9
FNDA:50,(anonymous_0)
FNDA:10,(anonymous_1)
FNDA:0,(anonymous_2)
FNDA:12,(anonymous_3)
FNDA:24,(anonymous_4)
FNDA:9,(anonymous_5)
FNDA:29,(anonymous_6)
FNDA:4,(anonymous_7)
FNDA:12,(anonymous_8)
FNDA:9,(anonymous_9)
DA:6,1
DA:7,50
DA:8,50
DA:9,50
DA:11,50
DA:13,50
DA:15,10
DA:16,1
DA:17,1
DA:20,10
DA:21,10
DA:24,10
DA:25,10
DA:26,10
DA:27,7
DA:29,6
DA:30,6
DA:32,3
DA:33,1
DA:36,2
DA:37,2
DA:40,9
DA:43,9
DA:46,50
DA:48,50
DA:49,24
DA:50,11
DA:53,13
DA:57,50
DA:58,9
DA:59,8
DA:63,50
DA:64,29
DA:65,4
DA:73,50
DA:79,12
DA:82,9
LF:37
LH:37
BRDA:15,0,0,1
BRDA:15,0,1,9
BRDA:27,1,0,1
BRDA:27,1,1,6
BRDA:32,2,0,1
BRDA:32,2,1,2
BRDA:49,3,0,11
BRDA:49,3,1,13
BRDA:58,4,0,8
BRDA:58,4,1,1
BRDA:85,5,0,50
BRDA:85,5,1,9
BRF:12
BRH:12
end_of_record
TN:
SF:src/utils/utils.js
FN:2,(anonymous_0)
FN:4,(anonymous_1)
FN:6,(anonymous_2)
FNF:3
FNH:3
FNDA:12,(anonymous_0)
FNDA:11,(anonymous_1)
FNDA:2,(anonymous_2)
DA:2,1
DA:4,12
DA:5,11
DA:6,11
LF:4
LH:4
BRF:0
BRH:0
end_of_record
