TN:
SF:src/App.jsx
FN:5,App
FNF:1
FNH:1
FNDA:1,App
DA:7,1
LF:1
LH:1
BRF:0
BRH:0
end_of_record
TN:
SF:src/components/SearchPage.jsx
FN:6,(anonymous_0)
FN:14,(anonymous_1)
FN:26,(anonymous_2)
FN:34,(anonymous_3)
FN:50,(anonymous_4)
FN:53,(anonymous_5)
FN:61,(anonymous_6)
FN:65,(anonymous_7)
FN:66,(anonymous_8)
FN:74,(anonymous_9)
FN:87,(anonymous_10)
FN:92,(anonymous_11)
FN:93,(anonymous_12)
FN:103,(anonymous_13)
FNF:14
FNH:14
FNDA:58,(anonymous_0)
FNDA:8,(anonymous_1)
FNDA:10,(anonymous_2)
FNDA:4,(anonymous_3)
FNDA:17,(anonymous_4)
FNDA:25,(anonymous_5)
FNDA:25,(anonymous_6)
FNDA:13,(anonymous_7)
FNDA:13,(anonymous_8)
FNDA:4,(anonymous_9)
FNDA:8,(anonymous_10)
FNDA:12,(anonymous_11)
FNDA:4,(anonymous_12)
FNDA:2,(anonymous_13)
DA:6,1
DA:7,58
DA:8,58
DA:9,58
DA:10,58
DA:12,58
DA:14,58
DA:15,8
DA:16,1
DA:18,8
DA:19,8
DA:21,8
DA:22,8
DA:23,7
DA:25,7
DA:26,10
DA:28,1
DA:29,1
DA:34,58
DA:35,4
DA:37,4
DA:38,4
DA:39,4
DA:41,3
DA:42,3
DA:43,3
DA:45,1
DA:46,1
DA:50,58
DA:53,58
DA:54,25
DA:55,8
DA:56,8
DA:58,17
DA:59,17
DA:61,25
DA:65,58
DA:66,13
DA:67,13
DA:68,7
DA:70,13
DA:74,58
DA:75,4
DA:76,4
DA:78,4
DA:81,58
DA:87,8
DA:93,12
DA:104,2
LF:49
LH:49
BRDA:15,0,0,1
BRDA:15,0,1,7
BRDA:23,1,0,0
BRDA:23,1,1,7
BRDA:28,2,0,1
BRDA:28,2,1,0
BRDA:35,3,0,0
BRDA:35,3,1,4
BRDA:39,4,0,0
BRDA:39,4,1,3
BRDA:54,5,0,8
BRDA:54,5,1,17
BRDA:54,6,0,25
BRDA:54,6,1,12
BRDA:67,7,0,7
BRDA:67,7,1,6
BRDA:67,8,0,13
BRDA:67,8,1,7
BRDA:90,9,0,58
BRDA:90,9,1,9
BRDA:107,10,0,2
BRDA:107,10,1,0
BRF:22
BRH:17
end_of_record
TN:
SF:src/utils/utils.js
FN:2,debounce
FN:4,debounced
FN:7,(anonymous_2)
FN:9,(anonymous_3)
FNF:4
FNH:4
FNDA:17,debounce
FNDA:8,debounced
FNDA:8,(anonymous_2)
FNDA:55,(anonymous_3)
DA:5,8
DA:6,8
DA:7,8
DA:9,55
DA:10,17
LF:5
LH:5
BRDA:5,0,0,1
BRDA:5,0,1,7
BRF:2
BRH:2
end_of_record
